mode: atomic
github.com\mparaiso\gonews\core\response.go:52.64,54.2 1 32
github.com\mparaiso\gonews\core\response.go:57.73,59.2 1 42
github.com\mparaiso\gonews\core\response.go:62.74,64.2 1 42
github.com\mparaiso\gonews\core\response.go:67.57,69.2 1 33
github.com\mparaiso\gonews\core\response.go:72.60,74.2 1 0
github.com\mparaiso\gonews\core\response.go:76.70,77.22 1 1
github.com\mparaiso\gonews\core\response.go:77.22,79.3 1 0
github.com\mparaiso\gonews\core\response.go:82.70,83.22 1 0
github.com\mparaiso\gonews\core\response.go:83.22,85.3 1 0
github.com\mparaiso\gonews\core\response.go:89.77,91.20 1 33
github.com\mparaiso\gonews\core\response.go:102.2,103.16 2 33
github.com\mparaiso\gonews\core\response.go:106.2,108.8 2 33
github.com\mparaiso\gonews\core\response.go:91.20,92.22 1 33
github.com\mparaiso\gonews\core\response.go:92.22,94.18 2 32
github.com\mparaiso\gonews\core\response.go:94.18,96.5 1 0
github.com\mparaiso\gonews\core\response.go:97.4,99.4 1 1
github.com\mparaiso\gonews\core\response.go:103.16,105.3 1 0
github.com\mparaiso\gonews\core\response.go:112.60,114.2 1 42
github.com\mparaiso\gonews\core\response.go:117.64,119.2 1 1
github.com\mparaiso\gonews\core\response.go:122.63,125.2 2 12
github.com\mparaiso\gonews\core\response.go:128.52,130.2 1 42
github.com\mparaiso\gonews\core\middlewares.go:33.106,34.28 1 6
github.com\mparaiso\gonews\core\middlewares.go:41.2,41.8 1 5
github.com\mparaiso\gonews\core\middlewares.go:34.28,40.3 5 1
github.com\mparaiso\gonews\core\middlewares.go:45.96,48.28 2 42
github.com\mparaiso\gonews\core\middlewares.go:65.2,65.8 1 42
github.com\mparaiso\gonews\core\middlewares.go:48.28,51.17 3 15
github.com\mparaiso\gonews\core\middlewares.go:51.17,52.19 1 15
github.com\mparaiso\gonews\core\middlewares.go:52.19,54.5 1 15
github.com\mparaiso\gonews\core\middlewares.go:54.5,57.5 2 0
github.com\mparaiso\gonews\core\middlewares.go:58.4,61.4 2 0
github.com\mparaiso\gonews\core\middlewares.go:62.3,64.3 1 27
github.com\mparaiso\gonews\core\middlewares.go:70.93,71.24 1 2
github.com\mparaiso\gonews\core\middlewares.go:75.2,75.95 1 0
github.com\mparaiso\gonews\core\middlewares.go:71.24,74.3 2 2
github.com\mparaiso\gonews\core\middlewares.go:79.93,81.23 2 42
github.com\mparaiso\gonews\core\middlewares.go:86.2,107.8 2 42
github.com\mparaiso\gonews\core\middlewares.go:81.23,84.3 2 0
github.com\mparaiso\gonews\core\middlewares.go:112.92,117.2 2 42
github.com\mparaiso\gonews\core\middlewares.go:120.94,126.2 5 42
github.com\mparaiso\gonews\core\middlewares.go:130.91,140.18 4 42
github.com\mparaiso\gonews\core\middlewares.go:140.18,141.31 1 42
github.com\mparaiso\gonews\core\middlewares.go:144.5,144.15 1 27
github.com\mparaiso\gonews\core\middlewares.go:141.31,143.6 1 15
github.com\mparaiso\gonews\core\middlewares.go:146.18,147.31 1 42
github.com\mparaiso\gonews\core\middlewares.go:150.5,150.15 1 27
github.com\mparaiso\gonews\core\middlewares.go:147.31,149.6 1 15
github.com\mparaiso\gonews\core\middlewares.go:165.93,166.23 1 8
github.com\mparaiso\gonews\core\middlewares.go:166.23,168.3 1 1
github.com\mparaiso\gonews\core\middlewares.go:168.3,170.3 1 7
github.com\mparaiso\gonews\core\middlewares.go:174.92,175.34 1 7
github.com\mparaiso\gonews\core\middlewares.go:179.2,179.8 1 7
github.com\mparaiso\gonews\core\middlewares.go:175.34,178.3 2 0
github.com\mparaiso\gonews\core\db_tools.go:40.81,42.21 2 0
github.com\mparaiso\gonews\core\db_tools.go:71.2,71.22 1 0
github.com\mparaiso\gonews\core\db_tools.go:42.21,44.17 2 0
github.com\mparaiso\gonews\core\db_tools.go:47.3,48.26 2 0
github.com\mparaiso\gonews\core\db_tools.go:53.3,54.17 2 0
github.com\mparaiso\gonews\core\db_tools.go:57.3,58.30 2 0
github.com\mparaiso\gonews\core\db_tools.go:69.3,69.33 1 0
github.com\mparaiso\gonews\core\db_tools.go:44.17,46.4 1 0
github.com\mparaiso\gonews\core\db_tools.go:48.26,52.4 1 0
github.com\mparaiso\gonews\core\db_tools.go:54.17,56.4 1 0
github.com\mparaiso\gonews\core\db_tools.go:58.30,62.32 2 0
github.com\mparaiso\gonews\core\db_tools.go:62.32,65.5 1 0
github.com\mparaiso\gonews\core\db_tools.go:65.5,67.5 1 0
github.com\mparaiso\gonews\core\db_tools.go:76.85,78.21 2 0
github.com\mparaiso\gonews\core\db_tools.go:107.2,107.22 1 0
github.com\mparaiso\gonews\core\db_tools.go:78.21,80.17 2 0
github.com\mparaiso\gonews\core\db_tools.go:83.3,84.26 2 0
github.com\mparaiso\gonews\core\db_tools.go:89.3,90.17 2 0
github.com\mparaiso\gonews\core\db_tools.go:93.3,94.38 2 0
github.com\mparaiso\gonews\core\db_tools.go:105.3,105.27 1 0
github.com\mparaiso\gonews\core\db_tools.go:80.17,82.4 1 0
github.com\mparaiso\gonews\core\db_tools.go:84.26,88.4 1 0
github.com\mparaiso\gonews\core\db_tools.go:90.17,92.4 1 0
github.com\mparaiso\gonews\core\db_tools.go:94.38,98.32 2 0
github.com\mparaiso\gonews\core\db_tools.go:98.32,101.5 1 0
github.com\mparaiso\gonews\core\db_tools.go:101.5,103.5 1 0
github.com\mparaiso\gonews\core\db_tools.go:111.109,115.47 3 22
github.com\mparaiso\gonews\core\db_tools.go:118.2,119.42 2 22
github.com\mparaiso\gonews\core\db_tools.go:123.2,124.16 2 22
github.com\mparaiso\gonews\core\db_tools.go:130.2,130.21 1 22
github.com\mparaiso\gonews\core\db_tools.go:148.2,149.22 2 22
github.com\mparaiso\gonews\core\db_tools.go:115.47,117.3 1 0
github.com\mparaiso\gonews\core\db_tools.go:119.42,121.3 1 0
github.com\mparaiso\gonews\core\db_tools.go:124.16,126.3 1 0
github.com\mparaiso\gonews\core\db_tools.go:130.21,133.55 2 146
github.com\mparaiso\gonews\core\db_tools.go:140.3,143.17 3 146
github.com\mparaiso\gonews\core\db_tools.go:146.3,146.64 1 146
github.com\mparaiso\gonews\core\db_tools.go:133.55,136.4 1 146
github.com\mparaiso\gonews\core\db_tools.go:136.4,139.4 1 0
github.com\mparaiso\gonews\core\db_tools.go:143.17,145.4 1 0
github.com\mparaiso\gonews\core\db_tools.go:153.108,155.41 2 180
github.com\mparaiso\gonews\core\db_tools.go:158.2,161.33 4 180
github.com\mparaiso\gonews\core\db_tools.go:180.2,181.16 2 180
github.com\mparaiso\gonews\core\db_tools.go:184.2,184.12 1 178
github.com\mparaiso\gonews\core\db_tools.go:155.41,157.3 1 0
github.com\mparaiso\gonews\core\db_tools.go:161.33,163.25 2 1457
github.com\mparaiso\gonews\core\db_tools.go:163.25,164.27 1 0
github.com\mparaiso\gonews\core\db_tools.go:164.27,169.5 3 0
github.com\mparaiso\gonews\core\db_tools.go:169.5,172.5 1 0
github.com\mparaiso\gonews\core\db_tools.go:173.4,174.23 1 1457
github.com\mparaiso\gonews\core\db_tools.go:177.4,177.69 1 1457
github.com\mparaiso\gonews\core\db_tools.go:174.23,176.5 1 0
github.com\mparaiso\gonews\core\db_tools.go:181.16,183.3 1 2
github.com\mparaiso\gonews\core\form_tools.go:37.50,39.2 1 42
github.com\mparaiso\gonews\core\form_tools.go:42.96,44.2 1 10
github.com\mparaiso\gonews\core\forms.go:48.60,50.16 2 2
github.com\mparaiso\gonews\core\forms.go:53.2,53.34 1 2
github.com\mparaiso\gonews\core\forms.go:50.16,52.3 1 0
github.com\mparaiso\gonews\core\forms.go:57.48,62.2 4 10
github.com\mparaiso\gonews\core\forms.go:65.40,70.2 4 2
github.com\mparaiso\gonews\core\forms.go:85.45,91.2 1 1
github.com\mparaiso\gonews\core\forms.go:95.68,97.2 1 1
github.com\mparaiso\gonews\core\forms.go:111.61,113.2 1 5
github.com\mparaiso\gonews\core\forms.go:116.38,117.23 1 5
github.com\mparaiso\gonews\core\forms.go:123.2,123.19 1 5
github.com\mparaiso\gonews\core\forms.go:117.23,122.3 1 5
github.com\mparaiso\gonews\core\forms.go:139.66,141.16 2 1
github.com\mparaiso\gonews\core\forms.go:144.2,144.41 1 1
github.com\mparaiso\gonews\core\forms.go:141.16,143.3 1 0
github.com\mparaiso\gonews\core\forms.go:148.54,153.2 4 2
github.com\mparaiso\gonews\core\forms.go:156.45,157.23 1 1
github.com\mparaiso\gonews\core\forms.go:162.2,162.19 1 1
github.com\mparaiso\gonews\core\forms.go:157.23,161.3 3 1
github.com\mparaiso\gonews\core\models.go:43.70,45.16 2 10
github.com\mparaiso\gonews\core\models.go:48.2,49.12 2 10
github.com\mparaiso\gonews\core\models.go:45.16,47.3 1 0
github.com\mparaiso\gonews\core\models.go:53.68,55.16 2 2
github.com\mparaiso\gonews\core\models.go:55.16,56.13 1 0
github.com\mparaiso\gonews\core\models.go:62.62,64.16 2 6
github.com\mparaiso\gonews\core\models.go:67.2,67.12 1 6
github.com\mparaiso\gonews\core\models.go:64.16,66.3 1 0
github.com\mparaiso\gonews\core\models.go:107.46,110.16 2 116
github.com\mparaiso\gonews\core\models.go:113.2,113.16 1 0
github.com\mparaiso\gonews\core\models.go:110.16,112.3 1 116
github.com\mparaiso\gonews\core\models.go:136.38,138.2 1 19
github.com\mparaiso\gonews\core\models.go:142.29,142.46 1 0
github.com\mparaiso\gonews\core\models.go:144.42,145.27 1 0
github.com\mparaiso\gonews\core\models.go:148.2,148.12 1 0
github.com\mparaiso\gonews\core\models.go:145.27,147.3 1 0
github.com\mparaiso\gonews\core\models.go:152.54,153.28 1 8
github.com\mparaiso\gonews\core\models.go:165.2,165.8 1 8
github.com\mparaiso\gonews\core\models.go:153.28,155.28 2 20
github.com\mparaiso\gonews\core\models.go:158.3,158.32 1 20
github.com\mparaiso\gonews\core\models.go:155.28,157.4 1 17
github.com\mparaiso\gonews\core\models.go:158.32,159.33 1 68
github.com\mparaiso\gonews\core\models.go:159.33,162.5 2 3
github.com\mparaiso\gonews\core\models.go:190.53,191.33 1 0
github.com\mparaiso\gonews\core\models.go:194.2,194.8 1 0
github.com\mparaiso\gonews\core\models.go:191.33,193.3 1 0
github.com\mparaiso\gonews\core\models.go:197.68,198.33 1 0
github.com\mparaiso\gonews\core\models.go:201.2,201.8 1 0
github.com\mparaiso\gonews\core\models.go:198.33,200.3 1 0
github.com\mparaiso\gonews\core\template.go:55.51,57.2 1 0
github.com\mparaiso\gonews\core\template.go:60.57,62.2 1 42
github.com\mparaiso\gonews\core\template.go:65.104,74.16 3 32
github.com\mparaiso\gonews\core\template.go:77.2,77.12 1 32
github.com\mparaiso\gonews\core\template.go:74.16,76.3 1 32
github.com\mparaiso\gonews\core\csrf.go:43.65,44.92 1 37
github.com\mparaiso\gonews\core\csrf.go:47.2,48.10 2 37
github.com\mparaiso\gonews\core\csrf.go:44.92,46.3 1 10
github.com\mparaiso\gonews\core\csrf.go:52.67,54.9 2 9
github.com\mparaiso\gonews\core\csrf.go:57.2,57.65 1 9
github.com\mparaiso\gonews\core\csrf.go:54.9,56.3 1 0
github.com\mparaiso\gonews\core\container.go:60.33,62.2 1 42
github.com\mparaiso\gonews\core\container.go:65.42,67.2 1 0
github.com\mparaiso\gonews\core\container.go:70.45,72.2 1 105
github.com\mparaiso\gonews\core\container.go:75.55,77.2 1 43
github.com\mparaiso\gonews\core\container.go:80.63,82.2 1 43
github.com\mparaiso\gonews\core\container.go:85.58,87.2 1 105
github.com\mparaiso\gonews\core\container.go:90.49,92.2 1 7
github.com\mparaiso\gonews\core\container.go:95.45,97.2 1 42
github.com\mparaiso\gonews\core\container.go:100.41,102.2 1 171
github.com\mparaiso\gonews\core\container.go:105.40,107.2 1 27
github.com\mparaiso\gonews\core\container.go:110.54,111.49 1 47
github.com\mparaiso\gonews\core\container.go:124.2,124.18 1 47
github.com\mparaiso\gonews\core\container.go:111.49,113.17 2 47
github.com\mparaiso\gonews\core\container.go:116.3,116.12 1 47
github.com\mparaiso\gonews\core\container.go:113.17,115.4 1 0
github.com\mparaiso\gonews\core\container.go:117.3,117.24 1 0
github.com\mparaiso\gonews\core\container.go:117.24,119.17 2 0
github.com\mparaiso\gonews\core\container.go:122.3,122.12 1 0
github.com\mparaiso\gonews\core\container.go:119.17,121.4 1 0
github.com\mparaiso\gonews\core\container.go:128.70,129.31 1 18
github.com\mparaiso\gonews\core\container.go:136.2,136.32 1 18
github.com\mparaiso\gonews\core\container.go:129.31,131.17 2 18
github.com\mparaiso\gonews\core\container.go:134.3,134.76 1 18
github.com\mparaiso\gonews\core\container.go:131.17,133.4 1 0
github.com\mparaiso\gonews\core\container.go:140.65,142.16 2 18
github.com\mparaiso\gonews\core\container.go:145.2,145.10 1 18
github.com\mparaiso\gonews\core\container.go:142.16,143.13 1 0
github.com\mparaiso\gonews\core\container.go:149.66,150.29 1 25
github.com\mparaiso\gonews\core\container.go:161.2,161.30 1 25
github.com\mparaiso\gonews\core\container.go:150.29,152.17 2 24
github.com\mparaiso\gonews\core\container.go:155.3,156.17 2 24
github.com\mparaiso\gonews\core\container.go:159.3,159.49 1 24
github.com\mparaiso\gonews\core\container.go:152.17,154.4 1 0
github.com\mparaiso\gonews\core\container.go:156.17,158.4 1 0
github.com\mparaiso\gonews\core\container.go:165.61,167.16 2 25
github.com\mparaiso\gonews\core\container.go:170.2,170.10 1 25
github.com\mparaiso\gonews\core\container.go:167.16,168.13 1 0
github.com\mparaiso\gonews\core\container.go:174.72,180.32 2 5
github.com\mparaiso\gonews\core\container.go:189.2,189.33 1 5
github.com\mparaiso\gonews\core\container.go:180.32,182.17 2 5
github.com\mparaiso\gonews\core\container.go:182.17,184.18 2 5
github.com\mparaiso\gonews\core\container.go:184.18,186.5 1 5
github.com\mparaiso\gonews\core\container.go:193.67,194.52 1 5
github.com\mparaiso\gonews\core\container.go:194.52,195.13 1 0
github.com\mparaiso\gonews\core\container.go:196.3,198.3 1 5
github.com\mparaiso\gonews\core\container.go:202.51,204.2 1 168
github.com\mparaiso\gonews\core\container.go:207.58,208.48 1 10
github.com\mparaiso\gonews\core\container.go:213.2,213.61 1 10
github.com\mparaiso\gonews\core\container.go:208.48,210.3 1 10
github.com\mparaiso\gonews\core\container.go:210.3,212.3 1 0
github.com\mparaiso\gonews\core\container.go:217.97,221.38 3 1
github.com\mparaiso\gonews\core\container.go:238.2,238.50 1 1
github.com\mparaiso\gonews\core\container.go:242.2,245.55 1 1
github.com\mparaiso\gonews\core\container.go:221.38,225.51 1 0
github.com\mparaiso\gonews\core\container.go:230.3,234.9 2 0
github.com\mparaiso\gonews\core\container.go:225.51,228.4 2 0
github.com\mparaiso\gonews\core\container.go:238.50,241.3 2 0
github.com\mparaiso\gonews\core\container.go:249.63,250.52 1 42
github.com\mparaiso\gonews\core\container.go:253.2,253.27 1 42
github.com\mparaiso\gonews\core\container.go:260.2,260.28 1 42
github.com\mparaiso\gonews\core\container.go:250.52,252.3 1 0
github.com\mparaiso\gonews\core\container.go:253.27,256.17 3 42
github.com\mparaiso\gonews\core\container.go:256.17,258.4 1 0
github.com\mparaiso\gonews\core\container.go:263.45,265.2 1 10
github.com\mparaiso\gonews\core\container.go:267.46,269.2 1 0
github.com\mparaiso\gonews\core\container.go:301.62,314.33 5 1
github.com\mparaiso\gonews\core\container.go:314.33,335.50 1 18
github.com\mparaiso\gonews\core\container.go:343.3,343.17 1 18
github.com\mparaiso\gonews\core\container.go:335.50,337.6 1 42
github.com\mparaiso\gonews\core\container.go:339.47,341.5 1 0
github.com\mparaiso\gonews\core\controllers.go:30.99,41.16 3 7
github.com\mparaiso\gonews\core\controllers.go:45.2,48.27 3 7
github.com\mparaiso\gonews\core\controllers.go:51.2,51.16 1 7
github.com\mparaiso\gonews\core\controllers.go:64.2,64.30 1 0
github.com\mparaiso\gonews\core\controllers.go:41.16,44.3 2 0
github.com\mparaiso\gonews\core\controllers.go:48.27,50.3 1 0
github.com\mparaiso\gonews\core\controllers.go:51.16,59.17 2 7
github.com\mparaiso\gonews\core\controllers.go:59.17,61.4 1 7
github.com\mparaiso\gonews\core\controllers.go:68.100,78.16 3 1
github.com\mparaiso\gonews\core\controllers.go:82.2,85.27 3 1
github.com\mparaiso\gonews\core\controllers.go:88.2,88.16 1 1
github.com\mparaiso\gonews\core\controllers.go:97.2,97.16 1 1
github.com\mparaiso\gonews\core\controllers.go:78.16,81.3 2 0
github.com\mparaiso\gonews\core\controllers.go:85.27,87.3 1 0
github.com\mparaiso\gonews\core\controllers.go:88.16,96.3 1 1
github.com\mparaiso\gonews\core\controllers.go:97.16,99.3 1 0
github.com\mparaiso\gonews\core\controllers.go:103.99,105.16 2 1
github.com\mparaiso\gonews\core\controllers.go:109.2,114.16 3 1
github.com\mparaiso\gonews\core\controllers.go:124.2,124.16 1 1
github.com\mparaiso\gonews\core\controllers.go:105.16,108.3 2 0
github.com\mparaiso\gonews\core\controllers.go:114.16,116.17 2 1
github.com\mparaiso\gonews\core\controllers.go:116.17,122.4 1 1
github.com\mparaiso\gonews\core\controllers.go:124.16,126.3 1 0
github.com\mparaiso\gonews\core\controllers.go:130.100,140.16 3 1
github.com\mparaiso\gonews\core\controllers.go:144.2,148.16 4 1
github.com\mparaiso\gonews\core\controllers.go:152.2,152.17 1 1
github.com\mparaiso\gonews\core\controllers.go:156.2,158.26 3 1
github.com\mparaiso\gonews\core\controllers.go:165.2,165.27 1 1
github.com\mparaiso\gonews\core\controllers.go:168.2,175.16 2 1
github.com\mparaiso\gonews\core\controllers.go:140.16,143.3 2 0
github.com\mparaiso\gonews\core\controllers.go:148.16,151.3 2 0
github.com\mparaiso\gonews\core\controllers.go:152.17,155.3 2 0
github.com\mparaiso\gonews\core\controllers.go:158.26,161.3 2 0
github.com\mparaiso\gonews\core\controllers.go:161.3,161.23 1 1
github.com\mparaiso\gonews\core\controllers.go:161.23,164.3 2 0
github.com\mparaiso\gonews\core\controllers.go:165.27,167.3 1 0
github.com\mparaiso\gonews\core\controllers.go:175.16,177.3 1 0
github.com\mparaiso\gonews\core\controllers.go:181.94,183.16 2 7
github.com\mparaiso\gonews\core\controllers.go:188.2,189.16 2 7
github.com\mparaiso\gonews\core\controllers.go:193.2,193.19 1 7
github.com\mparaiso\gonews\core\controllers.go:197.2,198.30 2 7
github.com\mparaiso\gonews\core\controllers.go:201.2,207.16 4 7
github.com\mparaiso\gonews\core\controllers.go:183.16,186.3 2 0
github.com\mparaiso\gonews\core\controllers.go:189.16,192.3 2 0
github.com\mparaiso\gonews\core\controllers.go:193.19,196.3 2 0
github.com\mparaiso\gonews\core\controllers.go:198.30,200.3 1 5
github.com\mparaiso\gonews\core\controllers.go:207.16,210.3 2 0
github.com\mparaiso\gonews\core\controllers.go:214.91,217.2 2 1
github.com\mparaiso\gonews\core\controllers.go:220.90,221.18 1 14
github.com\mparaiso\gonews\core\controllers.go:222.2,231.17 6 9
github.com\mparaiso\gonews\core\controllers.go:234.3,234.9 1 9
github.com\mparaiso\gonews\core\controllers.go:235.2,239.17 4 5
github.com\mparaiso\gonews\core\controllers.go:243.3,245.17 3 5
github.com\mparaiso\gonews\core\controllers.go:249.3,252.17 3 5
github.com\mparaiso\gonews\core\controllers.go:269.3,278.17 6 0
github.com\mparaiso\gonews\core\controllers.go:281.3,281.9 1 0
github.com\mparaiso\gonews\core\controllers.go:283.2,284.80 1 0
github.com\mparaiso\gonews\core\controllers.go:231.17,233.4 1 0
github.com\mparaiso\gonews\core\controllers.go:239.17,242.4 2 0
github.com\mparaiso\gonews\core\controllers.go:245.17,248.4 2 0
github.com\mparaiso\gonews\core\controllers.go:252.17,256.38 4 5
github.com\mparaiso\gonews\core\controllers.go:256.38,258.19 2 5
github.com\mparaiso\gonews\core\controllers.go:258.19,263.6 3 5
github.com\mparaiso\gonews\core\controllers.go:264.5,264.31 1 0
github.com\mparaiso\gonews\core\controllers.go:264.31,266.5 1 0
github.com\mparaiso\gonews\core\controllers.go:278.17,280.4 1 0
github.com\mparaiso\gonews\core\controllers.go:289.97,292.16 2 1
github.com\mparaiso\gonews\core\controllers.go:296.2,298.16 3 1
github.com\mparaiso\gonews\core\controllers.go:302.2,304.28 3 1
github.com\mparaiso\gonews\core\controllers.go:314.2,317.16 4 1
github.com\mparaiso\gonews\core\controllers.go:321.2,322.31 2 1
github.com\mparaiso\gonews\core\controllers.go:292.16,295.3 2 0
github.com\mparaiso\gonews\core\controllers.go:298.16,301.3 2 0
github.com\mparaiso\gonews\core\controllers.go:304.28,313.3 6 0
github.com\mparaiso\gonews\core\controllers.go:317.16,320.3 2 0
github.com\mparaiso\gonews\core\controllers.go:326.96,328.16 2 1
github.com\mparaiso\gonews\core\controllers.go:332.2,333.16 2 1
github.com\mparaiso\gonews\core\controllers.go:337.2,337.17 1 1
github.com\mparaiso\gonews\core\controllers.go:341.2,342.16 2 1
github.com\mparaiso\gonews\core\controllers.go:328.16,331.3 2 0
github.com\mparaiso\gonews\core\controllers.go:333.16,336.3 2 0
github.com\mparaiso\gonews\core\controllers.go:337.17,340.3 2 0
github.com\mparaiso\gonews\core\controllers.go:342.16,344.3 1 0
github.com\mparaiso\gonews\core\controllers.go:348.96,350.17 2 2
github.com\mparaiso\gonews\core\controllers.go:354.2,357.18 4 2
github.com\mparaiso\gonews\core\controllers.go:350.17,353.3 2 0
github.com\mparaiso\gonews\core\controllers.go:358.2,362.17 2 1
github.com\mparaiso\gonews\core\controllers.go:365.2,367.17 2 1
github.com\mparaiso\gonews\core\controllers.go:371.3,373.17 3 1
github.com\mparaiso\gonews\core\controllers.go:383.3,388.17 4 0
github.com\mparaiso\gonews\core\controllers.go:362.17,364.4 1 0
github.com\mparaiso\gonews\core\controllers.go:367.17,370.4 2 0
github.com\mparaiso\gonews\core\controllers.go:373.17,377.18 4 1
github.com\mparaiso\gonews\core\controllers.go:377.18,381.5 3 1
github.com\mparaiso\gonews\core\controllers.go:388.17,390.4 1 0
github.com\mparaiso\gonews\core\controllers.go:396.90,397.18 1 3
github.com\mparaiso\gonews\core\controllers.go:398.2,406.17 4 1
github.com\mparaiso\gonews\core\controllers.go:411.3,412.17 2 1
github.com\mparaiso\gonews\core\controllers.go:416.3,416.27 1 1
github.com\mparaiso\gonews\core\controllers.go:420.3,429.17 5 1
github.com\mparaiso\gonews\core\controllers.go:432.3,432.9 1 1
github.com\mparaiso\gonews\core\controllers.go:433.2,438.17 5 2
github.com\mparaiso\gonews\core\controllers.go:442.3,444.17 3 2
github.com\mparaiso\gonews\core\controllers.go:453.3,460.17 4 0
github.com\mparaiso\gonews\core\controllers.go:463.2,464.96 1 0
github.com\mparaiso\gonews\core\controllers.go:406.17,410.4 2 0
github.com\mparaiso\gonews\core\controllers.go:412.17,415.4 2 0
github.com\mparaiso\gonews\core\controllers.go:416.27,419.4 2 0
github.com\mparaiso\gonews\core\controllers.go:429.17,431.4 1 0
github.com\mparaiso\gonews\core\controllers.go:438.17,441.4 2 0
github.com\mparaiso\gonews\core\controllers.go:444.17,447.18 3 2
github.com\mparaiso\gonews\core\controllers.go:447.18,451.5 3 2
github.com\mparaiso\gonews\core\controllers.go:460.17,462.4 1 0
github.com\mparaiso\gonews\core\controllers.go:469.96,475.16 3 1
github.com\mparaiso\gonews\core\controllers.go:481.2,481.16 1 1
github.com\mparaiso\gonews\core\controllers.go:475.16,480.3 1 1
github.com\mparaiso\gonews\core\controllers.go:481.16,483.3 1 0
github.com\mparaiso\gonews\core\controllers.go:487.95,498.16 3 1
github.com\mparaiso\gonews\core\controllers.go:502.2,505.27 3 1
github.com\mparaiso\gonews\core\controllers.go:508.2,508.16 1 1
github.com\mparaiso\gonews\core\controllers.go:517.2,517.16 1 1
github.com\mparaiso\gonews\core\controllers.go:498.16,501.3 2 0
github.com\mparaiso\gonews\core\controllers.go:505.27,507.3 1 0
github.com\mparaiso\gonews\core\controllers.go:508.16,516.3 1 1
github.com\mparaiso\gonews\core\controllers.go:517.16,519.3 1 0
github.com\mparaiso\gonews\core\controllers.go:523.93,525.2 1 0
github.com\mparaiso\gonews\core\providers.go:52.89,54.2 1 42
github.com\mparaiso\gonews\core\providers.go:57.74,58.33 1 10
github.com\mparaiso\gonews\core\providers.go:61.2,61.29 1 10
github.com\mparaiso\gonews\core\providers.go:58.33,60.3 1 0
github.com\mparaiso\gonews\core\providers.go:80.132,82.2 1 42
github.com\mparaiso\gonews\core\providers.go:85.77,86.28 1 174
github.com\mparaiso\gonews\core\providers.go:105.2,105.29 1 174
github.com\mparaiso\gonews\core\providers.go:86.28,87.36 1 42
github.com\mparaiso\gonews\core\providers.go:87.36,89.18 2 0
github.com\mparaiso\gonews\core\providers.go:92.4,92.28 1 0
github.com\mparaiso\gonews\core\providers.go:89.18,91.5 1 0
github.com\mparaiso\gonews\core\providers.go:93.4,97.30 3 42
github.com\mparaiso\gonews\core\providers.go:97.30,99.5 1 0
github.com\mparaiso\gonews\core\providers.go:99.5,101.5 1 42
github.com\mparaiso\gonews\core\providers.go:109.72,111.16 2 145
github.com\mparaiso\gonews\core\providers.go:114.2,114.15 1 145
github.com\mparaiso\gonews\core\providers.go:111.16,112.13 1 0
github.com\mparaiso\gonews\core\providers.go:158.170,160.2 1 42
github.com\mparaiso\gonews\core\providers.go:163.78,164.29 1 316
github.com\mparaiso\gonews\core\providers.go:184.2,184.30 1 316
github.com\mparaiso\gonews\core\providers.go:164.29,166.17 2 42
github.com\mparaiso\gonews\core\providers.go:169.3,170.17 2 42
github.com\mparaiso\gonews\core\providers.go:174.3,182.83 3 42
github.com\mparaiso\gonews\core\providers.go:166.17,168.4 1 0
github.com\mparaiso\gonews\core\providers.go:170.17,172.4 1 0
github.com\mparaiso\gonews\core\providers.go:188.73,190.16 2 279
github.com\mparaiso\gonews\core\providers.go:193.2,193.16 1 279
github.com\mparaiso\gonews\core\providers.go:190.16,191.13 1 0
github.com\mparaiso\gonews\core\providers.go:212.132,214.2 1 42
github.com\mparaiso\gonews\core\providers.go:217.89,218.35 1 37
github.com\mparaiso\gonews\core\providers.go:225.2,225.36 1 37
github.com\mparaiso\gonews\core\providers.go:218.35,220.17 2 27
github.com\mparaiso\gonews\core\providers.go:223.3,223.95 1 27
github.com\mparaiso\gonews\core\providers.go:220.17,222.4 1 0
github.com\mparaiso\gonews\core\providers.go:229.84,230.58 1 37
github.com\mparaiso\gonews\core\providers.go:230.58,231.13 1 0
github.com\mparaiso\gonews\core\providers.go:232.3,234.3 1 37
github.com\mparaiso\gonews\core\providers.go:256.152,262.2 1 42
github.com\mparaiso\gonews\core\providers.go:265.80,266.30 1 74
github.com\mparaiso\gonews\core\providers.go:288.2,288.31 1 74
github.com\mparaiso\gonews\core\providers.go:266.30,268.31 1 42
github.com\mparaiso\gonews\core\providers.go:283.3,283.17 1 42
github.com\mparaiso\gonews\core\providers.go:286.3,286.60 1 42
github.com\mparaiso\gonews\core\providers.go:268.31,270.5 1 0
github.com\mparaiso\gonews\core\providers.go:271.27,273.5 1 32
github.com\mparaiso\gonews\core\providers.go:274.47,276.19 2 0
github.com\mparaiso\gonews\core\providers.go:279.5,279.44 1 0
github.com\mparaiso\gonews\core\providers.go:276.19,278.6 1 0
github.com\mparaiso\gonews\core\providers.go:283.17,285.4 1 0
github.com\mparaiso\gonews\core\providers.go:292.75,294.16 2 74
github.com\mparaiso\gonews\core\providers.go:297.2,297.12 1 74
github.com\mparaiso\gonews\core\providers.go:294.16,295.13 1 0
github.com\mparaiso\gonews\core\queue.go:41.63,44.2 2 18
github.com\mparaiso\gonews\core\queue.go:47.64,50.2 2 0
github.com\mparaiso\gonews\core\queue.go:53.52,55.43 2 36
github.com\mparaiso\gonews\core\queue.go:58.2,58.89 1 36
github.com\mparaiso\gonews\core\queue.go:55.43,57.3 1 180
github.com\mparaiso\gonews\core\queue.go:62.72,65.43 2 37
github.com\mparaiso\gonews\core\queue.go:69.2,69.55 1 37
github.com\mparaiso\gonews\core\queue.go:65.43,67.3 1 200
github.com\mparaiso\gonews\core\queue.go:69.55,72.42 2 235
github.com\mparaiso\gonews\core\queue.go:76.3,76.36 1 235
github.com\mparaiso\gonews\core\queue.go:79.3,79.56 1 235
github.com\mparaiso\gonews\core\queue.go:72.42,74.4 1 1208
github.com\mparaiso\gonews\core\queue.go:76.36,78.4 1 307
github.com\mparaiso\gonews\core\queue.go:79.56,80.33 1 43
github.com\mparaiso\gonews\core\queue.go:83.4,89.17 7 43
github.com\mparaiso\gonews\core\queue.go:107.4,107.18 1 43
github.com\mparaiso\gonews\core\queue.go:114.4,114.10 1 43
github.com\mparaiso\gonews\core\queue.go:80.33,81.44 1 1
github.com\mparaiso\gonews\core\queue.go:81.44,81.69 1 1
github.com\mparaiso\gonews\core\queue.go:89.17,92.19 2 43
github.com\mparaiso\gonews\core\queue.go:92.19,93.36 1 0
github.com\mparaiso\gonews\core\queue.go:99.6,104.12 6 0
github.com\mparaiso\gonews\core\queue.go:93.36,94.28 1 0
github.com\mparaiso\gonews\core\queue.go:97.7,97.61 1 0
github.com\mparaiso\gonews\core\queue.go:94.28,96.8 1 0
github.com\mparaiso\gonews\core\queue.go:107.18,108.38 1 276
github.com\mparaiso\gonews\core\queue.go:108.38,112.6 2 276
github.com\mparaiso\gonews\core\repositories.go:38.55,39.15 1 1
github.com\mparaiso\gonews\core\repositories.go:55.2,55.51 1 0
github.com\mparaiso\gonews\core\repositories.go:39.15,44.17 4 1
github.com\mparaiso\gonews\core\repositories.go:47.3,48.17 2 1
github.com\mparaiso\gonews\core\repositories.go:51.3,51.13 1 1
github.com\mparaiso\gonews\core\repositories.go:44.17,46.4 1 0
github.com\mparaiso\gonews\core\repositories.go:48.17,50.4 1 0
github.com\mparaiso\gonews\core\repositories.go:59.87,74.16 6 1
github.com\mparaiso\gonews\core\repositories.go:82.2,82.8 1 0
github.com\mparaiso\gonews\core\repositories.go:74.16,75.14 1 1
github.com\mparaiso\gonews\core\repositories.go:76.3,77.19 1 1
github.com\mparaiso\gonews\core\repositories.go:78.3,79.19 1 0
github.com\mparaiso\gonews\core\repositories.go:86.93,100.16 6 6
github.com\mparaiso\gonews\core\repositories.go:108.2,108.8 1 5
github.com\mparaiso\gonews\core\repositories.go:100.16,101.14 1 1
github.com\mparaiso\gonews\core\repositories.go:102.3,103.19 1 1
github.com\mparaiso\gonews\core\repositories.go:104.3,105.19 1 0
github.com\mparaiso\gonews\core\repositories.go:112.77,126.16 6 18
github.com\mparaiso\gonews\core\repositories.go:129.2,129.26 1 18
github.com\mparaiso\gonews\core\repositories.go:132.2,144.47 5 18
github.com\mparaiso\gonews\core\repositories.go:147.2,158.46 4 18
github.com\mparaiso\gonews\core\repositories.go:161.2,162.8 2 18
github.com\mparaiso\gonews\core\repositories.go:126.16,128.3 1 0
github.com\mparaiso\gonews\core\repositories.go:129.26,131.3 1 0
github.com\mparaiso\gonews\core\repositories.go:144.47,146.3 1 0
github.com\mparaiso\gonews\core\repositories.go:158.46,160.3 1 0
github.com\mparaiso\gonews\core\repositories.go:165.65,166.30 1 62
github.com\mparaiso\gonews\core\repositories.go:166.30,168.3 1 62
github.com\mparaiso\gonews\core\repositories.go:180.65,181.30 1 2
github.com\mparaiso\gonews\core\repositories.go:181.30,183.3 1 2
github.com\mparaiso\gonews\core\repositories.go:187.65,192.16 4 1
github.com\mparaiso\gonews\core\repositories.go:197.2,197.12 1 1
github.com\mparaiso\gonews\core\repositories.go:192.16,195.3 1 1
github.com\mparaiso\gonews\core\repositories.go:201.116,206.16 5 1
github.com\mparaiso\gonews\core\repositories.go:216.2,216.8 1 1
github.com\mparaiso\gonews\core\repositories.go:206.16,208.17 2 1
github.com\mparaiso\gonews\core\repositories.go:208.17,209.35 1 1
github.com\mparaiso\gonews\core\repositories.go:209.35,213.5 3 3
github.com\mparaiso\gonews\core\repositories.go:220.108,227.16 4 2
github.com\mparaiso\gonews\core\repositories.go:230.2,231.16 2 2
github.com\mparaiso\gonews\core\repositories.go:234.2,234.8 1 2
github.com\mparaiso\gonews\core\repositories.go:227.16,229.3 1 0
github.com\mparaiso\gonews\core\repositories.go:231.16,233.3 1 0
github.com\mparaiso\gonews\core\repositories.go:238.92,252.26 6 8
github.com\mparaiso\gonews\core\repositories.go:255.2,255.16 1 8
github.com\mparaiso\gonews\core\repositories.go:259.2,266.40 4 8
github.com\mparaiso\gonews\core\repositories.go:270.2,272.8 2 8
github.com\mparaiso\gonews\core\repositories.go:252.26,254.3 1 0
github.com\mparaiso\gonews\core\repositories.go:255.16,257.3 1 0
github.com\mparaiso\gonews\core\repositories.go:266.40,268.3 1 0
github.com\mparaiso\gonews\core\repositories.go:276.101,283.16 5 7
github.com\mparaiso\gonews\core\repositories.go:286.2,286.8 1 7
github.com\mparaiso\gonews\core\repositories.go:283.16,285.3 1 7
github.com\mparaiso\gonews\core\repositories.go:290.94,297.16 5 1
github.com\mparaiso\gonews\core\repositories.go:304.2,304.8 1 0
github.com\mparaiso\gonews\core\repositories.go:297.16,299.41 2 1
github.com\mparaiso\gonews\core\repositories.go:299.41,302.4 2 1
github.com\mparaiso\gonews\core\repositories.go:314.89,328.16 5 1
github.com\mparaiso\gonews\core\repositories.go:335.2,335.8 1 0
github.com\mparaiso\gonews\core\repositories.go:328.16,330.41 2 1
github.com\mparaiso\gonews\core\repositories.go:330.41,333.4 2 1
github.com\mparaiso\gonews\core\repositories.go:339.86,363.13 6 1
github.com\mparaiso\gonews\core\repositories.go:364.2,365.18 1 0
github.com\mparaiso\gonews\core\repositories.go:366.2,367.22 1 1
github.com\mparaiso\gonews\core\repositories.go:372.69,379.16 4 2
github.com\mparaiso\gonews\core\repositories.go:384.2,384.12 1 0
github.com\mparaiso\gonews\core\repositories.go:379.16,380.58 1 2
github.com\mparaiso\gonews\core\repositories.go:380.58,382.4 1 2
github.com\mparaiso\gonews\core\repositories.go:388.101,410.16 5 2
github.com\mparaiso\gonews\core\repositories.go:413.2,413.8 1 2
github.com\mparaiso\gonews\core\repositories.go:410.16,412.3 1 2
github.com\mparaiso\gonews\core\repositories.go:426.93,430.16 4 0
github.com\mparaiso\gonews\core\repositories.go:435.2,435.15 1 0
github.com\mparaiso\gonews\core\repositories.go:430.16,431.49 1 0
github.com\mparaiso\gonews\core\repositories.go:431.49,433.4 1 0
github.com\mparaiso\gonews\core\app.go:28.49,30.38 1 18
github.com\mparaiso\gonews\core\app.go:39.2,39.40 1 18
github.com\mparaiso\gonews\core\app.go:63.2,101.12 20 18
github.com\mparaiso\gonews\core\app.go:30.38,32.17 2 18
github.com\mparaiso\gonews\core\app.go:35.3,35.55 1 18
github.com\mparaiso\gonews\core\app.go:32.17,34.4 1 0
github.com\mparaiso\gonews\core\app.go:39.40,40.51 1 18
github.com\mparaiso\gonews\core\app.go:40.51,60.4 7 42
github.com\mparaiso\gonews\core\app.go:105.65,116.2 1 18
github.com\mparaiso\gonews\core\app.go:132.38,132.52 1 19
github.com\mparaiso\gonews\core\app.go:135.34,135.54 1 19
github.com\mparaiso\gonews\core\app.go:138.39,138.64 1 19
github.com\mparaiso\gonews\core\app.go:139.39,139.57 1 18
github.com\mparaiso\gonews\core\app.go:140.39,140.58 1 19
github.com\mparaiso\gonews\core\app.go:141.39,141.57 1 19
github.com\mparaiso\gonews\core\app.go:142.39,142.60 1 18
github.com\mparaiso\gonews\core\app.go:143.39,143.62 1 18
github.com\mparaiso\gonews\core\app.go:144.39,144.58 1 18
github.com\mparaiso\gonews\core\app.go:145.39,145.61 1 18
github.com\mparaiso\gonews\core\app.go:146.39,146.60 1 36
github.com\mparaiso\gonews\core\app.go:147.39,147.59 1 18
github.com\mparaiso\gonews\core\app.go:148.39,148.57 1 18
github.com\mparaiso\gonews\core\app.go:149.39,149.59 1 18
github.com\mparaiso\gonews\core\app.go:150.39,150.62 1 0
github.com\mparaiso\gonews\core\session.go:51.99,53.16 2 42
github.com\mparaiso\gonews\core\session.go:56.2,56.45 1 42
github.com\mparaiso\gonews\core\session.go:53.16,55.3 1 0
github.com\mparaiso\gonews\core\session.go:59.61,61.2 1 0
github.com\mparaiso\gonews\core\session.go:63.65,65.2 1 42
github.com\mparaiso\gonews\core\session.go:68.66,70.2 1 98
github.com\mparaiso\gonews\core\session.go:73.73,75.2 1 15
github.com\mparaiso\gonews\core\session.go:78.59,81.2 2 79
github.com\mparaiso\gonews\core\session.go:82.57,84.2 1 2
github.com\mparaiso\gonews\core\session.go:87.70,89.2 1 0
github.com\mparaiso\gonews\core\session.go:92.71,94.43 2 42
github.com\mparaiso\gonews\core\session.go:97.2,97.15 1 42
github.com\mparaiso\gonews\core\session.go:94.43,96.3 1 37
github.com\mparaiso\gonews\core\validators.go:39.67,41.2 1 1
github.com\mparaiso\gonews\core\validators.go:43.49,45.2 1 0
github.com\mparaiso\gonews\core\validators.go:48.51,50.2 1 13
github.com\mparaiso\gonews\core\validators.go:57.59,74.25 12 2
github.com\mparaiso\gonews\core\validators.go:77.2,77.15 1 1
github.com\mparaiso\gonews\core\validators.go:74.25,76.3 1 1
github.com\mparaiso\gonews\core\validators.go:86.84,95.24 8 2
github.com\mparaiso\gonews\core\validators.go:99.2,99.12 1 2
github.com\mparaiso\gonews\core\validators.go:95.24,98.3 2 0
github.com\mparaiso\gonews\core\validators.go:109.136,111.2 1 2
github.com\mparaiso\gonews\core\validators.go:114.94,125.102 8 2
github.com\mparaiso\gonews\core\validators.go:129.2,134.96 5 2
github.com\mparaiso\gonews\core\validators.go:138.2,143.25 5 2
github.com\mparaiso\gonews\core\validators.go:146.2,147.15 2 0
github.com\mparaiso\gonews\core\validators.go:125.102,127.3 1 0
github.com\mparaiso\gonews\core\validators.go:134.96,136.3 1 0
github.com\mparaiso\gonews\core\validators.go:143.25,145.3 1 2
github.com\mparaiso\gonews\core\validators.go:156.80,163.25 6 5
github.com\mparaiso\gonews\core\validators.go:166.2,167.15 2 0
github.com\mparaiso\gonews\core\validators.go:163.25,165.3 1 5
github.com\mparaiso\gonews\core\validators.go:175.90,184.9 7 2
github.com\mparaiso\gonews\core\validators.go:203.2,203.24 1 2
github.com\mparaiso\gonews\core\validators.go:207.2,207.12 1 2
github.com\mparaiso\gonews\core\validators.go:185.2,189.41 4 2
github.com\mparaiso\gonews\core\validators.go:190.2,193.65 3 0
github.com\mparaiso\gonews\core\validators.go:194.2,200.65 5 0
github.com\mparaiso\gonews\core\validators.go:203.24,206.3 2 0
github.com\mparaiso\gonews\core\validators.go:217.82,218.36 1 30
github.com\mparaiso\gonews\core\validators.go:218.36,220.3 1 0
github.com\mparaiso\gonews\core\validators.go:224.91,225.28 1 18
github.com\mparaiso\gonews\core\validators.go:225.28,227.3 1 0
github.com\mparaiso\gonews\core\validators.go:231.91,232.28 1 18
github.com\mparaiso\gonews\core\validators.go:232.28,234.3 1 0
github.com\mparaiso\gonews\core\validators.go:238.103,239.22 1 2
github.com\mparaiso\gonews\core\validators.go:239.22,241.3 1 0
github.com\mparaiso\gonews\core\validators.go:245.66,246.21 1 4
github.com\mparaiso\gonews\core\validators.go:246.21,248.3 1 1
github.com\mparaiso\gonews\core\validators.go:252.64,253.19 1 2
github.com\mparaiso\gonews\core\validators.go:253.19,255.3 1 0
github.com\mparaiso\gonews\core\validators.go:259.92,260.33 1 2
github.com\mparaiso\gonews\core\validators.go:260.33,262.3 1 0
github.com\mparaiso\gonews\core\validators.go:266.115,267.40 1 11
github.com\mparaiso\gonews\core\validators.go:267.40,269.3 1 0
github.com\mparaiso\gonews\core\validators.go:271.35,273.2 1 11
github.com\mparaiso\gonews\core\validators.go:274.37,276.2 1 4
github.com\mparaiso\gonews\core\logger.go:57.47,59.2 1 45
github.com\mparaiso\gonews\core\logger.go:61.43,63.2 1 0
github.com\mparaiso\gonews\core\logger.go:66.49,67.22 1 138
github.com\mparaiso\gonews\core\logger.go:67.22,69.3 1 0
github.com\mparaiso\gonews\core\logger.go:73.48,74.21 1 42
github.com\mparaiso\gonews\core\logger.go:74.21,76.3 1 0
github.com\mparaiso\gonews\core\logger.go:80.49,81.22 1 1
github.com\mparaiso\gonews\core\logger.go:81.22,83.3 1 0
github.com\mparaiso\gonews\core\logger.go:88.58,89.22 1 0
github.com\mparaiso\gonews\core\logger.go:89.22,96.3 4 0
